<?xml version="1.0" encoding="UTF-8"?>
<!-- Generated by org.testng.reporters.JUnitReportReporter -->
<testsuite skipped="0" hostname="YaroslavPC" name="HomeTest" tests="1" failures="0" timestamp="2022-05-22T12:40:02 EDT" time="8.742" errors="0">
  <testcase name="userAccess" time="8.742" classname="HomeTest"/>
  <system-out/>
</testsuite> <!-- HomeTest -->
